<?xml version="1.0" encoding="UTF-8"?>
<testng-results ignored="0" total="1" passed="1" failed="0" skipped="0">
  <reporter-output>
  </reporter-output>
  <suite started-at="2022-06-01T06:52:31Z" name="Default suite" finished-at="2022-06-01T06:52:32Z" duration-ms="611">
    <groups>
    </groups>
    <test started-at="2022-06-01T06:52:31Z" name="Default test" finished-at="2022-06-01T06:52:32Z" duration-ms="611">
      <class name="com.gitbash.PracticeGitBash">
        <test-method signature="practiceGit()[pri:0, instance:com.gitbash.PracticeGitBash@4a34e9f]" started-at="2022-06-01T06:52:31Z" name="practiceGit" finished-at="2022-06-01T06:52:32Z" duration-ms="308" status="PASS">
          <reporter-output>
          </reporter-output>
        </test-method> <!-- practiceGit -->
      </class> <!-- com.gitbash.PracticeGitBash -->
    </test> <!-- Default test -->
  </suite> <!-- Default suite -->
</testng-results>
